\BOOKMARK [0][-]{chapter*.1}{Copyleft \(Copyright\)}{}% 1
\BOOKMARK [0][-]{chapter*.2}{Draft Notice}{}% 2
\BOOKMARK [0][-]{chapter*.3}{Preface}{}% 3
\BOOKMARK [0][-]{chapter*.4}{Acknowledgements}{}% 4
\BOOKMARK [0][-]{chapter.1}{Introduction}{}% 5
\BOOKMARK [1][-]{section.1.1}{Problem Solving}{chapter.1}% 6
\BOOKMARK [1][-]{section.1.2}{Computing Basics}{chapter.1}% 7
\BOOKMARK [1][-]{section.1.3}{Basic Program Structure}{chapter.1}% 8
\BOOKMARK [1][-]{section.1.4}{Syntax Rules \046 Pseudocode}{chapter.1}% 9
\BOOKMARK [1][-]{section.1.5}{Documentation, Comments, and Coding Style}{chapter.1}% 10
\BOOKMARK [0][-]{chapter.2}{Basics}{}% 11
\BOOKMARK [1][-]{section.2.1}{Control Flow}{chapter.2}% 12
\BOOKMARK [2][-]{subsection.2.1.1}{Flow Charts}{section.2.1}% 13
\BOOKMARK [1][-]{section.2.2}{Variables}{chapter.2}% 14
\BOOKMARK [2][-]{subsection.2.2.1}{Naming Rules \046 Conventions}{section.2.2}% 15
\BOOKMARK [2][-]{subsection.2.2.2}{Types}{section.2.2}% 16
\BOOKMARK [2][-]{subsection.2.2.3}{Declaring Variables: Dynamic vs. Static Typing}{section.2.2}% 17
\BOOKMARK [2][-]{subsection.2.2.4}{Scoping}{section.2.2}% 18
\BOOKMARK [2][-]{subsection.2.2.5}{Binary Representations}{section.2.2}% 19
\BOOKMARK [1][-]{section.2.3}{Operators}{chapter.2}% 20
\BOOKMARK [2][-]{subsection.2.3.1}{Assignment Operators}{section.2.3}% 21
\BOOKMARK [2][-]{subsection.2.3.2}{Numerical Operators}{section.2.3}% 22
\BOOKMARK [2][-]{subsection.2.3.3}{String Concatenation}{section.2.3}% 23
\BOOKMARK [2][-]{subsection.2.3.4}{Order of Precedence}{section.2.3}% 24
\BOOKMARK [2][-]{subsection.2.3.5}{Common Numerical Errors}{section.2.3}% 25
\BOOKMARK [2][-]{subsection.2.3.6}{Other Operators}{section.2.3}% 26
\BOOKMARK [1][-]{section.2.4}{Basic Input/Output}{chapter.2}% 27
\BOOKMARK [2][-]{subsection.2.4.1}{Standard Input \046 Output}{section.2.4}% 28
\BOOKMARK [2][-]{subsection.2.4.2}{Graphical User Interfaces}{section.2.4}% 29
\BOOKMARK [2][-]{subsection.2.4.3}{Output Using cprintf-style Formatting}{section.2.4}% 30
\BOOKMARK [2][-]{subsection.2.4.4}{Command Line Input}{section.2.4}% 31
\BOOKMARK [1][-]{section.2.5}{Debugging}{chapter.2}% 32
\BOOKMARK [2][-]{subsection.2.5.1}{Types of Errors}{section.2.5}% 33
\BOOKMARK [2][-]{subsection.2.5.2}{Strategies}{section.2.5}% 34
\BOOKMARK [1][-]{section.2.6}{Examples}{chapter.2}% 35
\BOOKMARK [2][-]{subsection.2.6.1}{Temperature Conversion}{section.2.6}% 36
\BOOKMARK [2][-]{subsection.2.6.2}{Quadratic Roots}{section.2.6}% 37
\BOOKMARK [1][-]{section.2.7}{Exercises}{chapter.2}% 38
\BOOKMARK [0][-]{chapter.3}{Conditionals}{}% 39
\BOOKMARK [1][-]{section.3.1}{Logical Operators}{chapter.3}% 40
\BOOKMARK [2][-]{subsection.3.1.1}{Comparison Operators}{section.3.1}% 41
\BOOKMARK [2][-]{subsection.3.1.2}{Negation}{section.3.1}% 42
\BOOKMARK [2][-]{subsection.3.1.3}{Logical And}{section.3.1}% 43
\BOOKMARK [2][-]{subsection.3.1.4}{Logical Or}{section.3.1}% 44
\BOOKMARK [2][-]{subsection.3.1.5}{Compound Statements}{section.3.1}% 45
\BOOKMARK [2][-]{subsection.3.1.6}{Short Circuiting}{section.3.1}% 46
\BOOKMARK [1][-]{section.3.2}{If Statement}{chapter.3}% 47
\BOOKMARK [1][-]{section.3.3}{If-Else Statement}{chapter.3}% 48
\BOOKMARK [1][-]{section.3.4}{If-Else-If Statement}{chapter.3}% 49
\BOOKMARK [1][-]{section.3.5}{Ternary If-Else Operator}{chapter.3}% 50
\BOOKMARK [1][-]{section.3.6}{Examples}{chapter.3}% 51
\BOOKMARK [2][-]{subsection.3.6.1}{Meal Discount}{section.3.6}% 52
\BOOKMARK [2][-]{subsection.3.6.2}{Look Before You Leap}{section.3.6}% 53
\BOOKMARK [2][-]{subsection.3.6.3}{Comparing Elements}{section.3.6}% 54
\BOOKMARK [2][-]{subsection.3.6.4}{Life \046 Taxes}{section.3.6}% 55
\BOOKMARK [1][-]{section.3.7}{Exercises}{chapter.3}% 56
\BOOKMARK [0][-]{chapter.4}{Loops}{}% 57
\BOOKMARK [1][-]{section.4.1}{While Loops}{chapter.4}% 58
\BOOKMARK [2][-]{subsection.4.1.1}{Example}{section.4.1}% 59
\BOOKMARK [1][-]{section.4.2}{For Loops}{chapter.4}% 60
\BOOKMARK [2][-]{subsection.4.2.1}{Example}{section.4.2}% 61
\BOOKMARK [1][-]{section.4.3}{Do-While Loops}{chapter.4}% 62
\BOOKMARK [1][-]{section.4.4}{Foreach Loops}{chapter.4}% 63
\BOOKMARK [1][-]{section.4.5}{Other Issues}{chapter.4}% 64
\BOOKMARK [2][-]{subsection.4.5.1}{Nested Loops}{section.4.5}% 65
\BOOKMARK [2][-]{subsection.4.5.2}{Infinite Loops}{section.4.5}% 66
\BOOKMARK [2][-]{subsection.4.5.3}{Common Errors}{section.4.5}% 67
\BOOKMARK [2][-]{subsection.4.5.4}{Equivalency of Loops}{section.4.5}% 68
\BOOKMARK [1][-]{section.4.6}{Problem Solving With Loops}{chapter.4}% 69
\BOOKMARK [1][-]{section.4.7}{Examples}{chapter.4}% 70
\BOOKMARK [2][-]{subsection.4.7.1}{For vs While Loop}{section.4.7}% 71
\BOOKMARK [2][-]{subsection.4.7.2}{Primality Testing}{section.4.7}% 72
\BOOKMARK [2][-]{subsection.4.7.3}{Paying the Piper}{section.4.7}% 73
\BOOKMARK [1][-]{section.4.8}{Exercises}{chapter.4}% 74
\BOOKMARK [0][-]{chapter.5}{Functions}{}% 75
\BOOKMARK [1][-]{section.5.1}{Defining \046 Using Functions}{chapter.5}% 76
\BOOKMARK [2][-]{subsection.5.1.1}{Function Signatures}{section.5.1}% 77
\BOOKMARK [2][-]{subsection.5.1.2}{Calling Functions}{section.5.1}% 78
\BOOKMARK [2][-]{subsection.5.1.3}{Organizing}{section.5.1}% 79
\BOOKMARK [1][-]{section.5.2}{How Functions Work}{chapter.5}% 80
\BOOKMARK [2][-]{subsection.5.2.1}{Call By Value}{section.5.2}% 81
\BOOKMARK [2][-]{subsection.5.2.2}{Call By Reference}{section.5.2}% 82
\BOOKMARK [1][-]{section.5.3}{Other Issues}{chapter.5}% 83
\BOOKMARK [2][-]{subsection.5.3.1}{Functions as Entities}{section.5.3}% 84
\BOOKMARK [2][-]{subsection.5.3.2}{Function Overloading}{section.5.3}% 85
\BOOKMARK [2][-]{subsection.5.3.3}{Variable Argument Functions}{section.5.3}% 86
\BOOKMARK [2][-]{subsection.5.3.4}{Optional Parameters \046 Default Values}{section.5.3}% 87
\BOOKMARK [1][-]{section.5.4}{Exercises}{chapter.5}% 88
\BOOKMARK [0][-]{chapter.6}{Error Handling}{}% 89
\BOOKMARK [0][-]{chapter.7}{Arrays, Collections \046 Dynamic Memory}{}% 90
\BOOKMARK [0][-]{chapter.8}{Strings}{}% 91
\BOOKMARK [0][-]{chapter.9}{File Input/Output}{}% 92
\BOOKMARK [0][-]{chapter.10}{Encapsulation: Objects \046 Structures}{}% 93
\BOOKMARK [0][-]{chapter.11}{Recursion}{}% 94
\BOOKMARK [0][-]{chapter.12}{Searching \046 Sorting}{}% 95
\BOOKMARK [0][-]{chapter.13}{Graphical User Interfaces \046 Event Driven Programming}{}% 96
\BOOKMARK [0][-]{chapter.14}{Introduction to Databases \046 Database Connectivity}{}% 97
\BOOKMARK [-1][-]{part.1}{The C Programming Language}{}% 98
\BOOKMARK [0][-]{chapter.15}{Basics}{part.1}% 99
\BOOKMARK [1][-]{section.15.1}{Getting Started: Hello World}{chapter.15}% 100
\BOOKMARK [1][-]{section.15.2}{Basic Elements}{chapter.15}% 101
\BOOKMARK [2][-]{subsection.15.2.1}{Basic Syntax Rules}{section.15.2}% 102
\BOOKMARK [2][-]{subsection.15.2.2}{Preprocessor Directives}{section.15.2}% 103
\BOOKMARK [2][-]{subsection.15.2.3}{Comments}{section.15.2}% 104
\BOOKMARK [2][-]{subsection.15.2.4}{The cmain Function}{section.15.2}% 105
\BOOKMARK [1][-]{section.15.3}{Variables}{chapter.15}% 106
\BOOKMARK [2][-]{subsection.15.3.1}{Declaration \046 Assignment}{section.15.3}% 107
\BOOKMARK [1][-]{section.15.4}{Operators}{chapter.15}% 108
\BOOKMARK [1][-]{section.15.5}{Basic I/O}{chapter.15}% 109
\BOOKMARK [1][-]{section.15.6}{Examples}{chapter.15}% 110
\BOOKMARK [2][-]{subsection.15.6.1}{Converting Units}{section.15.6}% 111
\BOOKMARK [2][-]{subsection.15.6.2}{Computing Quadratic Roots}{section.15.6}% 112
\BOOKMARK [0][-]{chapter.16}{Conditionals}{part.1}% 113
\BOOKMARK [1][-]{section.16.1}{Logical Operators}{chapter.16}% 114
\BOOKMARK [2][-]{subsection.16.1.1}{Order of Precedence}{section.16.1}% 115
\BOOKMARK [2][-]{subsection.16.1.2}{Comparing Strings and Characters}{section.16.1}% 116
\BOOKMARK [1][-]{section.16.2}{If, If-Else, If-Else-If Statements}{chapter.16}% 117
\BOOKMARK [1][-]{section.16.3}{Examples}{chapter.16}% 118
\BOOKMARK [2][-]{subsection.16.3.1}{Computing a Logarithm}{section.16.3}% 119
\BOOKMARK [2][-]{subsection.16.3.2}{Life \046 Taxes}{section.16.3}% 120
\BOOKMARK [2][-]{subsection.16.3.3}{Quadratic Roots Revisited}{section.16.3}% 121
\BOOKMARK [0][-]{chapter.17}{Loops}{part.1}% 122
\BOOKMARK [1][-]{section.17.1}{While Loops}{chapter.17}% 123
\BOOKMARK [1][-]{section.17.2}{For Loops}{chapter.17}% 124
\BOOKMARK [1][-]{section.17.3}{Do-While Loops}{chapter.17}% 125
\BOOKMARK [1][-]{section.17.4}{Other Issues}{chapter.17}% 126
\BOOKMARK [1][-]{section.17.5}{Examples}{chapter.17}% 127
\BOOKMARK [2][-]{subsection.17.5.1}{Normalizing a Number}{section.17.5}% 128
\BOOKMARK [2][-]{subsection.17.5.2}{Summation}{section.17.5}% 129
\BOOKMARK [2][-]{subsection.17.5.3}{Nested Loops}{section.17.5}% 130
\BOOKMARK [2][-]{subsection.17.5.4}{Paying the Piper}{section.17.5}% 131
\BOOKMARK [0][-]{chapter.18}{Functions}{part.1}% 132
\BOOKMARK [1][-]{section.18.1}{Defining \046 Using Functions}{chapter.18}% 133
\BOOKMARK [2][-]{subsection.18.1.1}{Declaration: Prototypes}{section.18.1}% 134
\BOOKMARK [2][-]{subsection.18.1.2}{Void Functions}{section.18.1}% 135
\BOOKMARK [2][-]{subsection.18.1.3}{Organizing Functions}{section.18.1}% 136
\BOOKMARK [2][-]{subsection.18.1.4}{Calling Functions}{section.18.1}% 137
\BOOKMARK [1][-]{section.18.2}{Pointers}{chapter.18}% 138
\BOOKMARK [2][-]{subsection.18.2.1}{Passing By Reference}{section.18.2}% 139
\BOOKMARK [2][-]{subsection.18.2.2}{Function Pointers}{section.18.2}% 140
\BOOKMARK [-1][-]{part.2}{The Java Programming Language}{}% 141
\BOOKMARK [0][-]{chapter.19}{Basics}{part.2}% 142
\BOOKMARK [1][-]{section.19.1}{Getting Started: Hello World}{chapter.19}% 143
\BOOKMARK [1][-]{section.19.2}{Basic Elements}{chapter.19}% 144
\BOOKMARK [2][-]{subsection.19.2.1}{Basic Syntax Rules}{section.19.2}% 145
\BOOKMARK [2][-]{subsection.19.2.2}{Program Structure}{section.19.2}% 146
\BOOKMARK [2][-]{subsection.19.2.3}{The javamain Method}{section.19.2}% 147
\BOOKMARK [2][-]{subsection.19.2.4}{Comments}{section.19.2}% 148
\BOOKMARK [1][-]{section.19.3}{Variables}{chapter.19}% 149
\BOOKMARK [2][-]{subsection.19.3.1}{Declaration \046 Assignment}{section.19.3}% 150
\BOOKMARK [1][-]{section.19.4}{Operators}{chapter.19}% 151
\BOOKMARK [1][-]{section.19.5}{Basic I/O}{chapter.19}% 152
\BOOKMARK [1][-]{section.19.6}{Examples}{chapter.19}% 153
\BOOKMARK [2][-]{subsection.19.6.1}{Converting Units}{section.19.6}% 154
\BOOKMARK [2][-]{subsection.19.6.2}{Computing Quadratic Roots}{section.19.6}% 155
\BOOKMARK [0][-]{chapter.20}{Conditionals}{part.2}% 156
\BOOKMARK [1][-]{section.20.1}{Logical Operators}{chapter.20}% 157
\BOOKMARK [2][-]{subsection.20.1.1}{Order of Precedence}{section.20.1}% 158
\BOOKMARK [2][-]{subsection.20.1.2}{Comparing Strings and Characters}{section.20.1}% 159
\BOOKMARK [1][-]{section.20.2}{If, If-Else, If-Else-If Statements}{chapter.20}% 160
\BOOKMARK [1][-]{section.20.3}{Examples}{chapter.20}% 161
\BOOKMARK [2][-]{subsection.20.3.1}{Computing a Logarithm}{section.20.3}% 162
\BOOKMARK [2][-]{subsection.20.3.2}{Life \046 Taxes}{section.20.3}% 163
\BOOKMARK [2][-]{subsection.20.3.3}{Quadratic Roots Revisited}{section.20.3}% 164
\BOOKMARK [0][-]{chapter.21}{Loops}{part.2}% 165
\BOOKMARK [1][-]{section.21.1}{While Loops}{chapter.21}% 166
\BOOKMARK [1][-]{section.21.2}{For Loops}{chapter.21}% 167
\BOOKMARK [1][-]{section.21.3}{Do-While Loops}{chapter.21}% 168
\BOOKMARK [1][-]{section.21.4}{Enhanced For Loops}{chapter.21}% 169
\BOOKMARK [1][-]{section.21.5}{Examples}{chapter.21}% 170
\BOOKMARK [2][-]{subsection.21.5.1}{Normalizing a Number}{section.21.5}% 171
\BOOKMARK [2][-]{subsection.21.5.2}{Summation}{section.21.5}% 172
\BOOKMARK [2][-]{subsection.21.5.3}{Nested Loops}{section.21.5}% 173
\BOOKMARK [2][-]{subsection.21.5.4}{Paying the Piper}{section.21.5}% 174
\BOOKMARK [-1][-]{part.3}{The PHP Programming Language}{}% 175
\BOOKMARK [0][-]{chapter.22}{Basics}{part.3}% 176
\BOOKMARK [1][-]{section.22.1}{Getting Started: Hello World}{chapter.22}% 177
\BOOKMARK [1][-]{section.22.2}{Basic Elements}{chapter.22}% 178
\BOOKMARK [2][-]{subsection.22.2.1}{Basic Syntax Rules}{section.22.2}% 179
\BOOKMARK [2][-]{subsection.22.2.2}{PHP Tags}{section.22.2}% 180
\BOOKMARK [2][-]{subsection.22.2.3}{Libraries}{section.22.2}% 181
\BOOKMARK [2][-]{subsection.22.2.4}{Comments}{section.22.2}% 182
\BOOKMARK [2][-]{subsection.22.2.5}{Entry Point \046 Command Line Arguments}{section.22.2}% 183
\BOOKMARK [1][-]{section.22.3}{Variables}{chapter.22}% 184
\BOOKMARK [2][-]{subsection.22.3.1}{Using Variables}{section.22.3}% 185
\BOOKMARK [1][-]{section.22.4}{Operators}{chapter.22}% 186
\BOOKMARK [2][-]{subsection.22.4.1}{Type Juggling}{section.22.4}% 187
\BOOKMARK [2][-]{subsection.22.4.2}{String Concatenation}{section.22.4}% 188
\BOOKMARK [1][-]{section.22.5}{Basic I/O}{chapter.22}% 189
\BOOKMARK [1][-]{section.22.6}{Examples}{chapter.22}% 190
\BOOKMARK [2][-]{subsection.22.6.1}{Converting Units}{section.22.6}% 191
\BOOKMARK [2][-]{subsection.22.6.2}{Computing Quadratic Roots}{section.22.6}% 192
\BOOKMARK [0][-]{chapter.23}{Conditionals}{part.3}% 193
\BOOKMARK [1][-]{section.23.1}{Logical Operators}{chapter.23}% 194
\BOOKMARK [2][-]{subsection.23.1.1}{Order of Precedence}{section.23.1}% 195
\BOOKMARK [1][-]{section.23.2}{If, If-Else, If-Else-If Statements}{chapter.23}% 196
\BOOKMARK [1][-]{section.23.3}{Examples}{chapter.23}% 197
\BOOKMARK [2][-]{subsection.23.3.1}{Computing a Logarithm}{section.23.3}% 198
\BOOKMARK [2][-]{subsection.23.3.2}{Life \046 Taxes}{section.23.3}% 199
\BOOKMARK [2][-]{subsection.23.3.3}{Quadratic Roots Revisited}{section.23.3}% 200
\BOOKMARK [0][-]{chapter.24}{Loops}{part.3}% 201
\BOOKMARK [1][-]{section.24.1}{While Loops}{chapter.24}% 202
\BOOKMARK [1][-]{section.24.2}{For Loops}{chapter.24}% 203
\BOOKMARK [1][-]{section.24.3}{Do-While Loops}{chapter.24}% 204
\BOOKMARK [1][-]{section.24.4}{Foreach Loops}{chapter.24}% 205
\BOOKMARK [1][-]{section.24.5}{Examples}{chapter.24}% 206
\BOOKMARK [2][-]{subsection.24.5.1}{Normalizing a Number}{section.24.5}% 207
\BOOKMARK [2][-]{subsection.24.5.2}{Summation}{section.24.5}% 208
\BOOKMARK [2][-]{subsection.24.5.3}{Nested Loops}{section.24.5}% 209
\BOOKMARK [2][-]{subsection.24.5.4}{Paying the Piper}{section.24.5}% 210
\BOOKMARK [0][-]{section*.33}{Glossary}{part.3}% 211
\BOOKMARK [0][-]{section*.35}{Acronyms}{part.3}% 212
\BOOKMARK [0][-]{section*.37}{Index}{part.3}% 213
\BOOKMARK [0][-]{chapter*.39}{References}{part.3}% 214
