This is pdfTeX, Version 3.1415926-2.5-1.40.14 (TeX Live 2013/MacPorts 2013_5) (format=pdflatex 2013.8.26)  28 FEB 2015 14:03
entering extended mode
 restricted \write18 enabled.
 file:line:error style messages enabled.
 %&-line parsing enabled.
**figureSequentialFlowChart.tex
(./figureSequentialFlowChart.tex
LaTeX2e <2011/06/27>
Babel <3.9f> and hyphenation patterns for 2 languages loaded.

./figureSequentialFlowChart.tex:2: LaTeX Error: Environment tikzpicture undefin
ed.

See the LaTeX manual or LaTeX Companion for explanation.
Type  H <return>  for immediate help.
 ...                                              
                                                  
l.2 \begin{tikzpicture}
                       [node distance = 3cm,minimum height=1cm,auto,scale=1....

? 
./figureSequentialFlowChart.tex:2: Emergency stop.
 ...                                              
                                                  
l.2 \begin{tikzpicture}
                       [node distance = 3cm,minimum height=1cm,auto,scale=1....

Your command was ignored.
Type  I <command> <return>  to replace it with another command,
or  <return>  to continue without it.

 
Here is how much of TeX's memory you used:
 7 strings out of 495035
 367 string characters out of 6181625
 45720 words of memory out of 5000000
 3313 multiletter control sequences out of 15000+600000
 3640 words of font info for 14 fonts, out of 8000000 for 9000
 14 hyphenation exceptions out of 8191
 5i,0n,4p,134b,16s stack positions out of 5000i,500n,10000p,200000b,80000s
./figureSequentialFlowChart.tex:2:  ==> Fatal error occurred, no output PDF fil
e produced!
