This is pdfTeX, Version 3.1415926-2.5-1.40.14 (TeX Live 2013/MacPorts 2013_5) (format=pdflatex 2013.8.26)  16 MAR 2015 09:52
entering extended mode
 \write18 enabled.
 file:line:error style messages enabled.
 %&-line parsing enabled.
**tableASCII.tex
(./tableASCII.tex
LaTeX2e <2011/06/27>
Babel <3.9f> and hyphenation patterns for 2 languages loaded.
./tableASCII.tex:2: Undefined control sequence.
l.2 {\scriptsize
                
? 
./tableASCII.tex:2: Emergency stop.
l.2 {\scriptsize
                
End of file on the terminal!

 
Here is how much of TeX's memory you used:
 5 strings out of 495035
 154 string characters out of 6181625
 45720 words of memory out of 5000000
 3312 multiletter control sequences out of 15000+600000
 3640 words of font info for 14 fonts, out of 8000000 for 9000
 14 hyphenation exceptions out of 8191
 5i,0n,1p,29b,8s stack positions out of 5000i,500n,10000p,200000b,80000s
./tableASCII.tex:2:  ==> Fatal error occurred, no output PDF file produced!
